\BOOKMARK [0][-]{chapter.1}{\376\377\0001\000\040\000C\000l\000a\000s\000s\000\040\000I\000n\000d\000e\000x}{}% 1
\BOOKMARK [1][-]{section.1.1}{\376\377\0001\000.\0001\000\040\000C\000l\000a\000s\000s\000\040\000L\000i\000s\000t}{chapter.1}% 2
\BOOKMARK [0][-]{chapter.2}{\376\377\0002\000\040\000F\000i\000l\000e\000\040\000I\000n\000d\000e\000x}{}% 3
\BOOKMARK [1][-]{section.2.1}{\376\377\0002\000.\0001\000\040\000F\000i\000l\000e\000\040\000L\000i\000s\000t}{chapter.2}% 4
\BOOKMARK [0][-]{chapter.3}{\376\377\0003\000\040\000C\000l\000a\000s\000s\000\040\000D\000o\000c\000u\000m\000e\000n\000t\000a\000t\000i\000o\000n}{}% 5
\BOOKMARK [1][-]{section.3.1}{\376\377\0003\000.\0001\000\040\000C\000a\000m\000e\000r\000a\000\040\000C\000l\000a\000s\000s\000\040\000R\000e\000f\000e\000r\000e\000n\000c\000e}{chapter.3}% 6
\BOOKMARK [2][-]{subsection.3.1.1}{\376\377\0003\000.\0001\000.\0001\000\040\000D\000e\000t\000a\000i\000l\000e\000d\000\040\000D\000e\000s\000c\000r\000i\000p\000t\000i\000o\000n}{section.3.1}% 7
\BOOKMARK [2][-]{subsection.3.1.2}{\376\377\0003\000.\0001\000.\0002\000\040\000C\000o\000n\000s\000t\000r\000u\000c\000t\000o\000r\000\040\000\046\000\040\000D\000e\000s\000t\000r\000u\000c\000t\000o\000r\000\040\000D\000o\000c\000u\000m\000e\000n\000t\000a\000t\000i\000o\000n}{section.3.1}% 8
\BOOKMARK [3][-]{subsubsection.3.1.2.1}{\376\377\0003\000.\0001\000.\0002\000.\0001\000\040\000C\000a\000m\000e\000r\000a\000\050\000\051}{subsection.3.1.2}% 9
\BOOKMARK [2][-]{subsection.3.1.3}{\376\377\0003\000.\0001\000.\0003\000\040\000M\000e\000m\000b\000e\000r\000\040\000F\000u\000n\000c\000t\000i\000o\000n\000\040\000D\000o\000c\000u\000m\000e\000n\000t\000a\000t\000i\000o\000n}{section.3.1}% 10
\BOOKMARK [3][-]{subsubsection.3.1.3.1}{\376\377\0003\000.\0001\000.\0003\000.\0001\000\040\000m\000o\000v\000e\000F\000o\000r\000w\000a\000r\000d\000\050\000\051}{subsection.3.1.3}% 11
\BOOKMARK [3][-]{subsubsection.3.1.3.2}{\376\377\0003\000.\0001\000.\0003\000.\0002\000\040\000m\000o\000v\000e\000L\000e\000f\000t\000\050\000\051}{subsection.3.1.3}% 12
\BOOKMARK [3][-]{subsubsection.3.1.3.3}{\376\377\0003\000.\0001\000.\0003\000.\0003\000\040\000m\000o\000v\000e\000R\000i\000g\000h\000t\000\050\000\051}{subsection.3.1.3}% 13
\BOOKMARK [3][-]{subsubsection.3.1.3.4}{\376\377\0003\000.\0001\000.\0003\000.\0004\000\040\000m\000o\000v\000e\000U\000p\000\050\000\051}{subsection.3.1.3}% 14
\BOOKMARK [2][-]{subsection.3.1.4}{\376\377\0003\000.\0001\000.\0004\000\040\000M\000e\000m\000b\000e\000r\000\040\000D\000a\000t\000a\000\040\000D\000o\000c\000u\000m\000e\000n\000t\000a\000t\000i\000o\000n}{section.3.1}% 15
\BOOKMARK [3][-]{subsubsection.3.1.4.1}{\376\377\0003\000.\0001\000.\0004\000.\0001\000\040\000d\000i\000r\000e\000c\000t\000i\000o\000n}{subsection.3.1.4}% 16
\BOOKMARK [3][-]{subsubsection.3.1.4.2}{\376\377\0003\000.\0001\000.\0004\000.\0002\000\040\000f\000o\000v}{subsection.3.1.4}% 17
\BOOKMARK [3][-]{subsubsection.3.1.4.3}{\376\377\0003\000.\0001\000.\0004\000.\0003\000\040\000n\000e\000a\000r\000P\000l\000a\000n\000e}{subsection.3.1.4}% 18
\BOOKMARK [3][-]{subsubsection.3.1.4.4}{\376\377\0003\000.\0001\000.\0004\000.\0004\000\040\000p\000o\000s\000i\000t\000i\000o\000n}{subsection.3.1.4}% 19
\BOOKMARK [3][-]{subsubsection.3.1.4.5}{\376\377\0003\000.\0001\000.\0004\000.\0005\000\040\000u\000p}{subsection.3.1.4}% 20
\BOOKMARK [1][-]{section.3.2}{\376\377\0003\000.\0002\000\040\000C\000o\000l\000o\000r\000e\000d\000T\000r\000i\000a\000n\000g\000l\000e\000\040\000S\000t\000r\000u\000c\000t\000\040\000R\000e\000f\000e\000r\000e\000n\000c\000e}{chapter.3}% 21
\BOOKMARK [2][-]{subsection.3.2.1}{\376\377\0003\000.\0002\000.\0001\000\040\000D\000e\000t\000a\000i\000l\000e\000d\000\040\000D\000e\000s\000c\000r\000i\000p\000t\000i\000o\000n}{section.3.2}% 22
\BOOKMARK [2][-]{subsection.3.2.2}{\376\377\0003\000.\0002\000.\0002\000\040\000M\000e\000m\000b\000e\000r\000\040\000D\000a\000t\000a\000\040\000D\000o\000c\000u\000m\000e\000n\000t\000a\000t\000i\000o\000n}{section.3.2}% 23
\BOOKMARK [3][-]{subsubsection.3.2.2.1}{\376\377\0003\000.\0002\000.\0002\000.\0001\000\040\000b}{subsection.3.2.2}% 24
\BOOKMARK [3][-]{subsubsection.3.2.2.2}{\376\377\0003\000.\0002\000.\0002\000.\0002\000\040\000g}{subsection.3.2.2}% 25
\BOOKMARK [3][-]{subsubsection.3.2.2.3}{\376\377\0003\000.\0002\000.\0002\000.\0003\000\040\000r}{subsection.3.2.2}% 26
\BOOKMARK [3][-]{subsubsection.3.2.2.4}{\376\377\0003\000.\0002\000.\0002\000.\0004\000\040\000t\000r\000i\000a\000n\000g\000l\000e}{subsection.3.2.2}% 27
\BOOKMARK [1][-]{section.3.3}{\376\377\0003\000.\0003\000\040\000P\000a\000v\000e\0003\000d\000\040\000C\000l\000a\000s\000s\000\040\000R\000e\000f\000e\000r\000e\000n\000c\000e}{chapter.3}% 28
\BOOKMARK [2][-]{subsection.3.3.1}{\376\377\0003\000.\0003\000.\0001\000\040\000D\000e\000t\000a\000i\000l\000e\000d\000\040\000D\000e\000s\000c\000r\000i\000p\000t\000i\000o\000n}{section.3.3}% 29
\BOOKMARK [2][-]{subsection.3.3.2}{\376\377\0003\000.\0003\000.\0002\000\040\000C\000o\000n\000s\000t\000r\000u\000c\000t\000o\000r\000\040\000\046\000\040\000D\000e\000s\000t\000r\000u\000c\000t\000o\000r\000\040\000D\000o\000c\000u\000m\000e\000n\000t\000a\000t\000i\000o\000n}{section.3.3}% 30
\BOOKMARK [3][-]{subsubsection.3.3.2.1}{\376\377\0003\000.\0003\000.\0002\000.\0001\000\040\000P\000a\000v\000e\0003\000d\000\050\000\051}{subsection.3.3.2}% 31
\BOOKMARK [2][-]{subsection.3.3.3}{\376\377\0003\000.\0003\000.\0003\000\040\000M\000e\000m\000b\000e\000r\000\040\000F\000u\000n\000c\000t\000i\000o\000n\000\040\000D\000o\000c\000u\000m\000e\000n\000t\000a\000t\000i\000o\000n}{section.3.3}% 32
\BOOKMARK [3][-]{subsubsection.3.3.3.1}{\376\377\0003\000.\0003\000.\0003\000.\0001\000\040\000g\000e\000t\000T\000r\000i\000a\000n\000g\000l\000e\000s\000\050\000\051}{subsection.3.3.3}% 33
\BOOKMARK [3][-]{subsubsection.3.3.3.2}{\376\377\0003\000.\0003\000.\0003\000.\0002\000\040\000r\000o\000t\000a\000t\000e\000P\000o\000i\000n\000t\000\050\000\051}{subsection.3.3.3}% 34
\BOOKMARK [3][-]{subsubsection.3.3.3.3}{\376\377\0003\000.\0003\000.\0003\000.\0003\000\040\000s\000e\000t\000R\000o\000t\000a\000t\000i\000o\000n\000\050\000\051}{subsection.3.3.3}% 35
\BOOKMARK [2][-]{subsection.3.3.4}{\376\377\0003\000.\0003\000.\0004\000\040\000M\000e\000m\000b\000e\000r\000\040\000D\000a\000t\000a\000\040\000D\000o\000c\000u\000m\000e\000n\000t\000a\000t\000i\000o\000n}{section.3.3}% 36
\BOOKMARK [3][-]{subsubsection.3.3.4.1}{\376\377\0003\000.\0003\000.\0004\000.\0001\000\040\000a\000n\000g\000l\000e\000X}{subsection.3.3.4}% 37
\BOOKMARK [3][-]{subsubsection.3.3.4.2}{\376\377\0003\000.\0003\000.\0004\000.\0002\000\040\000a\000n\000g\000l\000e\000Y}{subsection.3.3.4}% 38
\BOOKMARK [3][-]{subsubsection.3.3.4.3}{\376\377\0003\000.\0003\000.\0004\000.\0003\000\040\000a\000n\000g\000l\000e\000Z}{subsection.3.3.4}% 39
\BOOKMARK [3][-]{subsubsection.3.3.4.4}{\376\377\0003\000.\0003\000.\0004\000.\0004\000\040\000c\000e\000n\000t\000e\000r}{subsection.3.3.4}% 40
\BOOKMARK [3][-]{subsubsection.3.3.4.5}{\376\377\0003\000.\0003\000.\0004\000.\0005\000\040\000s\000i\000z\000e\000X}{subsection.3.3.4}% 41
\BOOKMARK [3][-]{subsubsection.3.3.4.6}{\376\377\0003\000.\0003\000.\0004\000.\0006\000\040\000s\000i\000z\000e\000Y}{subsection.3.3.4}% 42
\BOOKMARK [3][-]{subsubsection.3.3.4.7}{\376\377\0003\000.\0003\000.\0004\000.\0007\000\040\000s\000i\000z\000e\000Z}{subsection.3.3.4}% 43
\BOOKMARK [1][-]{section.3.4}{\376\377\0003\000.\0004\000\040\000P\000o\000i\000n\000t\0002\000d\000\040\000C\000l\000a\000s\000s\000\040\000R\000e\000f\000e\000r\000e\000n\000c\000e}{chapter.3}% 44
\BOOKMARK [2][-]{subsection.3.4.1}{\376\377\0003\000.\0004\000.\0001\000\040\000D\000e\000t\000a\000i\000l\000e\000d\000\040\000D\000e\000s\000c\000r\000i\000p\000t\000i\000o\000n}{section.3.4}% 45
\BOOKMARK [2][-]{subsection.3.4.2}{\376\377\0003\000.\0004\000.\0002\000\040\000C\000o\000n\000s\000t\000r\000u\000c\000t\000o\000r\000\040\000\046\000\040\000D\000e\000s\000t\000r\000u\000c\000t\000o\000r\000\040\000D\000o\000c\000u\000m\000e\000n\000t\000a\000t\000i\000o\000n}{section.3.4}% 46
\BOOKMARK [3][-]{subsubsection.3.4.2.1}{\376\377\0003\000.\0004\000.\0002\000.\0001\000\040\000P\000o\000i\000n\000t\0002\000d\000\050\000\051\000\040\000[\0001\000/\0002\000]}{subsection.3.4.2}% 47
\BOOKMARK [3][-]{subsubsection.3.4.2.2}{\376\377\0003\000.\0004\000.\0002\000.\0002\000\040\000P\000o\000i\000n\000t\0002\000d\000\050\000\051\000\040\000[\0002\000/\0002\000]}{subsection.3.4.2}% 48
\BOOKMARK [2][-]{subsection.3.4.3}{\376\377\0003\000.\0004\000.\0003\000\040\000M\000e\000m\000b\000e\000r\000\040\000D\000a\000t\000a\000\040\000D\000o\000c\000u\000m\000e\000n\000t\000a\000t\000i\000o\000n}{section.3.4}% 49
\BOOKMARK [3][-]{subsubsection.3.4.3.1}{\376\377\0003\000.\0004\000.\0003\000.\0001\000\040\000x}{subsection.3.4.3}% 50
\BOOKMARK [3][-]{subsubsection.3.4.3.2}{\376\377\0003\000.\0004\000.\0003\000.\0002\000\040\000y}{subsection.3.4.3}% 51
\BOOKMARK [3][-]{subsubsection.3.4.3.3}{\376\377\0003\000.\0004\000.\0003\000.\0003\000\040\000z}{subsection.3.4.3}% 52
\BOOKMARK [1][-]{section.3.5}{\376\377\0003\000.\0005\000\040\000P\000o\000i\000n\000t\0003\000d\000\040\000C\000l\000a\000s\000s\000\040\000R\000e\000f\000e\000r\000e\000n\000c\000e}{chapter.3}% 53
\BOOKMARK [2][-]{subsection.3.5.1}{\376\377\0003\000.\0005\000.\0001\000\040\000D\000e\000t\000a\000i\000l\000e\000d\000\040\000D\000e\000s\000c\000r\000i\000p\000t\000i\000o\000n}{section.3.5}% 54
\BOOKMARK [2][-]{subsection.3.5.2}{\376\377\0003\000.\0005\000.\0002\000\040\000C\000o\000n\000s\000t\000r\000u\000c\000t\000o\000r\000\040\000\046\000\040\000D\000e\000s\000t\000r\000u\000c\000t\000o\000r\000\040\000D\000o\000c\000u\000m\000e\000n\000t\000a\000t\000i\000o\000n}{section.3.5}% 55
\BOOKMARK [3][-]{subsubsection.3.5.2.1}{\376\377\0003\000.\0005\000.\0002\000.\0001\000\040\000P\000o\000i\000n\000t\0003\000d\000\050\000\051\000\040\000[\0001\000/\0002\000]}{subsection.3.5.2}% 56
\BOOKMARK [3][-]{subsubsection.3.5.2.2}{\376\377\0003\000.\0005\000.\0002\000.\0002\000\040\000P\000o\000i\000n\000t\0003\000d\000\050\000\051\000\040\000[\0002\000/\0002\000]}{subsection.3.5.2}% 57
\BOOKMARK [2][-]{subsection.3.5.3}{\376\377\0003\000.\0005\000.\0003\000\040\000M\000e\000m\000b\000e\000r\000\040\000F\000u\000n\000c\000t\000i\000o\000n\000\040\000D\000o\000c\000u\000m\000e\000n\000t\000a\000t\000i\000o\000n}{section.3.5}% 58
\BOOKMARK [3][-]{subsubsection.3.5.3.1}{\376\377\0003\000.\0005\000.\0003\000.\0001\000\040\000c\000r\000o\000s\000s\000\050\000\051}{subsection.3.5.3}% 59
\BOOKMARK [3][-]{subsubsection.3.5.3.2}{\376\377\0003\000.\0005\000.\0003\000.\0002\000\040\000d\000o\000t\000\050\000\051}{subsection.3.5.3}% 60
\BOOKMARK [3][-]{subsubsection.3.5.3.3}{\376\377\0003\000.\0005\000.\0003\000.\0003\000\040\000n\000o\000r\000m\000a\000l\000i\000z\000e\000\050\000\051}{subsection.3.5.3}% 61
\BOOKMARK [3][-]{subsubsection.3.5.3.4}{\376\377\0003\000.\0005\000.\0003\000.\0004\000\040\000o\000p\000e\000r\000a\000t\000o\000r\000*\000\050\000\051}{subsection.3.5.3}% 62
\BOOKMARK [3][-]{subsubsection.3.5.3.5}{\376\377\0003\000.\0005\000.\0003\000.\0005\000\040\000o\000p\000e\000r\000a\000t\000o\000r\000+\000\050\000\051}{subsection.3.5.3}% 63
\BOOKMARK [3][-]{subsubsection.3.5.3.6}{\376\377\0003\000.\0005\000.\0003\000.\0006\000\040\000o\000p\000e\000r\000a\000t\000o\000r\000-\000\050\000\051}{subsection.3.5.3}% 64
\BOOKMARK [2][-]{subsection.3.5.4}{\376\377\0003\000.\0005\000.\0004\000\040\000M\000e\000m\000b\000e\000r\000\040\000D\000a\000t\000a\000\040\000D\000o\000c\000u\000m\000e\000n\000t\000a\000t\000i\000o\000n}{section.3.5}% 65
\BOOKMARK [3][-]{subsubsection.3.5.4.1}{\376\377\0003\000.\0005\000.\0004\000.\0001\000\040\000x}{subsection.3.5.4}% 66
\BOOKMARK [3][-]{subsubsection.3.5.4.2}{\376\377\0003\000.\0005\000.\0004\000.\0002\000\040\000y}{subsection.3.5.4}% 67
\BOOKMARK [3][-]{subsubsection.3.5.4.3}{\376\377\0003\000.\0005\000.\0004\000.\0003\000\040\000z}{subsection.3.5.4}% 68
\BOOKMARK [1][-]{section.3.6}{\376\377\0003\000.\0006\000\040\000Q\000u\000a\000d\0003\000d\000\040\000C\000l\000a\000s\000s\000\040\000R\000e\000f\000e\000r\000e\000n\000c\000e}{chapter.3}% 69
\BOOKMARK [2][-]{subsection.3.6.1}{\376\377\0003\000.\0006\000.\0001\000\040\000D\000e\000t\000a\000i\000l\000e\000d\000\040\000D\000e\000s\000c\000r\000i\000p\000t\000i\000o\000n}{section.3.6}% 70
\BOOKMARK [2][-]{subsection.3.6.2}{\376\377\0003\000.\0006\000.\0002\000\040\000C\000o\000n\000s\000t\000r\000u\000c\000t\000o\000r\000\040\000\046\000\040\000D\000e\000s\000t\000r\000u\000c\000t\000o\000r\000\040\000D\000o\000c\000u\000m\000e\000n\000t\000a\000t\000i\000o\000n}{section.3.6}% 71
\BOOKMARK [3][-]{subsubsection.3.6.2.1}{\376\377\0003\000.\0006\000.\0002\000.\0001\000\040\000Q\000u\000a\000d\0003\000d\000\050\000\051\000\040\000[\0001\000/\0002\000]}{subsection.3.6.2}% 72
\BOOKMARK [3][-]{subsubsection.3.6.2.2}{\376\377\0003\000.\0006\000.\0002\000.\0002\000\040\000Q\000u\000a\000d\0003\000d\000\050\000\051\000\040\000[\0002\000/\0002\000]}{subsection.3.6.2}% 73
\BOOKMARK [2][-]{subsection.3.6.3}{\376\377\0003\000.\0006\000.\0003\000\040\000M\000e\000m\000b\000e\000r\000\040\000F\000u\000n\000c\000t\000i\000o\000n\000\040\000D\000o\000c\000u\000m\000e\000n\000t\000a\000t\000i\000o\000n}{section.3.6}% 74
\BOOKMARK [3][-]{subsubsection.3.6.3.1}{\376\377\0003\000.\0006\000.\0003\000.\0001\000\040\000g\000e\000t\000T\000r\000i\000a\000n\000g\000l\000e\000s\000\050\000\051}{subsection.3.6.3}% 75
\BOOKMARK [2][-]{subsection.3.6.4}{\376\377\0003\000.\0006\000.\0004\000\040\000M\000e\000m\000b\000e\000r\000\040\000D\000a\000t\000a\000\040\000D\000o\000c\000u\000m\000e\000n\000t\000a\000t\000i\000o\000n}{section.3.6}% 76
\BOOKMARK [3][-]{subsubsection.3.6.4.1}{\376\377\0003\000.\0006\000.\0004\000.\0001\000\040\000t\0001}{subsection.3.6.4}% 77
\BOOKMARK [3][-]{subsubsection.3.6.4.2}{\376\377\0003\000.\0006\000.\0004\000.\0002\000\040\000t\0002}{subsection.3.6.4}% 78
\BOOKMARK [1][-]{section.3.7}{\376\377\0003\000.\0007\000\040\000S\000c\000e\000n\000e\000\040\000C\000l\000a\000s\000s\000\040\000R\000e\000f\000e\000r\000e\000n\000c\000e}{chapter.3}% 79
\BOOKMARK [2][-]{subsection.3.7.1}{\376\377\0003\000.\0007\000.\0001\000\040\000D\000e\000t\000a\000i\000l\000e\000d\000\040\000D\000e\000s\000c\000r\000i\000p\000t\000i\000o\000n}{section.3.7}% 80
\BOOKMARK [2][-]{subsection.3.7.2}{\376\377\0003\000.\0007\000.\0002\000\040\000C\000o\000n\000s\000t\000r\000u\000c\000t\000o\000r\000\040\000\046\000\040\000D\000e\000s\000t\000r\000u\000c\000t\000o\000r\000\040\000D\000o\000c\000u\000m\000e\000n\000t\000a\000t\000i\000o\000n}{section.3.7}% 81
\BOOKMARK [3][-]{subsubsection.3.7.2.1}{\376\377\0003\000.\0007\000.\0002\000.\0001\000\040\000S\000c\000e\000n\000e\000\050\000\051}{subsection.3.7.2}% 82
\BOOKMARK [2][-]{subsection.3.7.3}{\376\377\0003\000.\0007\000.\0003\000\040\000M\000e\000m\000b\000e\000r\000\040\000F\000u\000n\000c\000t\000i\000o\000n\000\040\000D\000o\000c\000u\000m\000e\000n\000t\000a\000t\000i\000o\000n}{section.3.7}% 83
\BOOKMARK [3][-]{subsubsection.3.7.3.1}{\376\377\0003\000.\0007\000.\0003\000.\0001\000\040\000a\000d\000d\000T\000r\000i\000a\000n\000g\000l\000e\000s\000\050\000\051}{subsection.3.7.3}% 84
\BOOKMARK [3][-]{subsubsection.3.7.3.2}{\376\377\0003\000.\0007\000.\0003\000.\0002\000\040\000c\000l\000e\000a\000r\000T\000r\000i\000a\000n\000g\000l\000e\000s\000\050\000\051}{subsection.3.7.3}% 85
\BOOKMARK [3][-]{subsubsection.3.7.3.3}{\376\377\0003\000.\0007\000.\0003\000.\0003\000\040\000d\000r\000a\000w\000S\000c\000a\000n\000l\000i\000n\000e\000\050\000\051}{subsection.3.7.3}% 86
\BOOKMARK [3][-]{subsubsection.3.7.3.4}{\376\377\0003\000.\0007\000.\0003\000.\0004\000\040\000f\000i\000l\000l\000F\000l\000a\000t\000B\000o\000t\000t\000o\000m\000\050\000\051}{subsection.3.7.3}% 87
\BOOKMARK [3][-]{subsubsection.3.7.3.5}{\376\377\0003\000.\0007\000.\0003\000.\0005\000\040\000f\000i\000l\000l\000F\000l\000a\000t\000T\000o\000p\000\050\000\051}{subsection.3.7.3}% 88
\BOOKMARK [3][-]{subsubsection.3.7.3.6}{\376\377\0003\000.\0007\000.\0003\000.\0006\000\040\000g\000e\000t\000C\000a\000m\000e\000r\000a\000\050\000\051}{subsection.3.7.3}% 89
\BOOKMARK [3][-]{subsubsection.3.7.3.7}{\376\377\0003\000.\0007\000.\0003\000.\0007\000\040\000i\000s\000T\000r\000i\000a\000n\000g\000l\000e\000V\000i\000s\000i\000b\000l\000e\000\050\000\051}{subsection.3.7.3}% 90
\BOOKMARK [3][-]{subsubsection.3.7.3.8}{\376\377\0003\000.\0007\000.\0003\000.\0008\000\040\000p\000r\000o\000j\000e\000c\000t\000\050\000\051}{subsection.3.7.3}% 91
\BOOKMARK [3][-]{subsubsection.3.7.3.9}{\376\377\0003\000.\0007\000.\0003\000.\0009\000\040\000r\000a\000s\000t\000e\000r\000i\000z\000e\000T\000r\000i\000a\000n\000g\000l\000e\000\050\000\051}{subsection.3.7.3}% 92
\BOOKMARK [3][-]{subsubsection.3.7.3.10}{\376\377\0003\000.\0007\000.\0003\000.\0001\0000\000\040\000r\000e\000n\000d\000e\000r\000\050\000\051}{subsection.3.7.3}% 93
\BOOKMARK [2][-]{subsection.3.7.4}{\376\377\0003\000.\0007\000.\0004\000\040\000M\000e\000m\000b\000e\000r\000\040\000D\000a\000t\000a\000\040\000D\000o\000c\000u\000m\000e\000n\000t\000a\000t\000i\000o\000n}{section.3.7}% 94
\BOOKMARK [3][-]{subsubsection.3.7.4.1}{\376\377\0003\000.\0007\000.\0004\000.\0001\000\040\000c\000a\000m\000e\000r\000a}{subsection.3.7.4}% 95
\BOOKMARK [3][-]{subsubsection.3.7.4.2}{\376\377\0003\000.\0007\000.\0004\000.\0002\000\040\000s\000d\000l}{subsection.3.7.4}% 96
\BOOKMARK [3][-]{subsubsection.3.7.4.3}{\376\377\0003\000.\0007\000.\0004\000.\0003\000\040\000t\000r\000i\000a\000n\000g\000l\000e\000s}{subsection.3.7.4}% 97
\BOOKMARK [1][-]{section.3.8}{\376\377\0003\000.\0008\000\040\000S\000d\000l\000\040\000C\000l\000a\000s\000s\000\040\000R\000e\000f\000e\000r\000e\000n\000c\000e}{chapter.3}% 98
\BOOKMARK [2][-]{subsection.3.8.1}{\376\377\0003\000.\0008\000.\0001\000\040\000D\000e\000t\000a\000i\000l\000e\000d\000\040\000D\000e\000s\000c\000r\000i\000p\000t\000i\000o\000n}{section.3.8}% 99
\BOOKMARK [2][-]{subsection.3.8.2}{\376\377\0003\000.\0008\000.\0002\000\040\000C\000o\000n\000s\000t\000r\000u\000c\000t\000o\000r\000\040\000\046\000\040\000D\000e\000s\000t\000r\000u\000c\000t\000o\000r\000\040\000D\000o\000c\000u\000m\000e\000n\000t\000a\000t\000i\000o\000n}{section.3.8}% 100
\BOOKMARK [3][-]{subsubsection.3.8.2.1}{\376\377\0003\000.\0008\000.\0002\000.\0001\000\040\000S\000d\000l\000\050\000\051}{subsection.3.8.2}% 101
\BOOKMARK [3][-]{subsubsection.3.8.2.2}{\376\377\0003\000.\0008\000.\0002\000.\0002\000\040\000~\000S\000d\000l\000\050\000\051}{subsection.3.8.2}% 102
\BOOKMARK [2][-]{subsection.3.8.3}{\376\377\0003\000.\0008\000.\0003\000\040\000M\000e\000m\000b\000e\000r\000\040\000F\000u\000n\000c\000t\000i\000o\000n\000\040\000D\000o\000c\000u\000m\000e\000n\000t\000a\000t\000i\000o\000n}{section.3.8}% 103
\BOOKMARK [3][-]{subsubsection.3.8.3.1}{\376\377\0003\000.\0008\000.\0003\000.\0001\000\040\000c\000l\000e\000a\000r\000\050\000\051}{subsection.3.8.3}% 104
\BOOKMARK [3][-]{subsubsection.3.8.3.2}{\376\377\0003\000.\0008\000.\0003\000.\0002\000\040\000g\000e\000t\000H\000e\000i\000g\000h\000t\000\050\000\051}{subsection.3.8.3}% 105
\BOOKMARK [3][-]{subsubsection.3.8.3.3}{\376\377\0003\000.\0008\000.\0003\000.\0003\000\040\000g\000e\000t\000W\000i\000d\000t\000h\000\050\000\051}{subsection.3.8.3}% 106
\BOOKMARK [3][-]{subsubsection.3.8.3.4}{\376\377\0003\000.\0008\000.\0003\000.\0004\000\040\000i\000s\000V\000a\000l\000i\000d\000\050\000\051}{subsection.3.8.3}% 107
\BOOKMARK [3][-]{subsubsection.3.8.3.5}{\376\377\0003\000.\0008\000.\0003\000.\0005\000\040\000p\000r\000e\000s\000e\000n\000t\000\050\000\051}{subsection.3.8.3}% 108
\BOOKMARK [3][-]{subsubsection.3.8.3.6}{\376\377\0003\000.\0008\000.\0003\000.\0006\000\040\000s\000e\000t\000P\000i\000x\000e\000l\000\050\000\051}{subsection.3.8.3}% 109
\BOOKMARK [2][-]{subsection.3.8.4}{\376\377\0003\000.\0008\000.\0004\000\040\000M\000e\000m\000b\000e\000r\000\040\000D\000a\000t\000a\000\040\000D\000o\000c\000u\000m\000e\000n\000t\000a\000t\000i\000o\000n}{section.3.8}% 110
\BOOKMARK [3][-]{subsubsection.3.8.4.1}{\376\377\0003\000.\0008\000.\0004\000.\0001\000\040\000d\000e\000p\000t\000h\000B\000u\000f\000f\000e\000r}{subsection.3.8.4}% 111
\BOOKMARK [3][-]{subsubsection.3.8.4.2}{\376\377\0003\000.\0008\000.\0004\000.\0002\000\040\000h\000e\000i\000g\000h\000t}{subsection.3.8.4}% 112
\BOOKMARK [3][-]{subsubsection.3.8.4.3}{\376\377\0003\000.\0008\000.\0004\000.\0003\000\040\000p\000i\000x\000e\000l\000B\000u\000f\000f\000e\000r}{subsection.3.8.4}% 113
\BOOKMARK [3][-]{subsubsection.3.8.4.4}{\376\377\0003\000.\0008\000.\0004\000.\0004\000\040\000r\000e\000n\000d\000e\000r\000e\000r}{subsection.3.8.4}% 114
\BOOKMARK [3][-]{subsubsection.3.8.4.5}{\376\377\0003\000.\0008\000.\0004\000.\0005\000\040\000t\000e\000x\000t\000u\000r\000e}{subsection.3.8.4}% 115
\BOOKMARK [3][-]{subsubsection.3.8.4.6}{\376\377\0003\000.\0008\000.\0004\000.\0006\000\040\000w\000i\000d\000t\000h}{subsection.3.8.4}% 116
\BOOKMARK [3][-]{subsubsection.3.8.4.7}{\376\377\0003\000.\0008\000.\0004\000.\0007\000\040\000w\000i\000n\000d\000o\000w}{subsection.3.8.4}% 117
\BOOKMARK [1][-]{section.3.9}{\376\377\0003\000.\0009\000\040\000S\000p\000h\000e\000r\000e\0003\000d\000\040\000C\000l\000a\000s\000s\000\040\000R\000e\000f\000e\000r\000e\000n\000c\000e}{chapter.3}% 118
\BOOKMARK [2][-]{subsection.3.9.1}{\376\377\0003\000.\0009\000.\0001\000\040\000D\000e\000t\000a\000i\000l\000e\000d\000\040\000D\000e\000s\000c\000r\000i\000p\000t\000i\000o\000n}{section.3.9}% 119
\BOOKMARK [2][-]{subsection.3.9.2}{\376\377\0003\000.\0009\000.\0002\000\040\000C\000o\000n\000s\000t\000r\000u\000c\000t\000o\000r\000\040\000\046\000\040\000D\000e\000s\000t\000r\000u\000c\000t\000o\000r\000\040\000D\000o\000c\000u\000m\000e\000n\000t\000a\000t\000i\000o\000n}{section.3.9}% 120
\BOOKMARK [3][-]{subsubsection.3.9.2.1}{\376\377\0003\000.\0009\000.\0002\000.\0001\000\040\000S\000p\000h\000e\000r\000e\0003\000d\000\050\000\051}{subsection.3.9.2}% 121
\BOOKMARK [2][-]{subsection.3.9.3}{\376\377\0003\000.\0009\000.\0003\000\040\000M\000e\000m\000b\000e\000r\000\040\000F\000u\000n\000c\000t\000i\000o\000n\000\040\000D\000o\000c\000u\000m\000e\000n\000t\000a\000t\000i\000o\000n}{section.3.9}% 122
\BOOKMARK [3][-]{subsubsection.3.9.3.1}{\376\377\0003\000.\0009\000.\0003\000.\0001\000\040\000g\000e\000t\000T\000r\000i\000a\000n\000g\000l\000e\000s\000\050\000\051}{subsection.3.9.3}% 123
\BOOKMARK [3][-]{subsubsection.3.9.3.2}{\376\377\0003\000.\0009\000.\0003\000.\0002\000\040\000s\000p\000h\000e\000r\000e\000P\000o\000i\000n\000t\000\050\000\051}{subsection.3.9.3}% 124
\BOOKMARK [2][-]{subsection.3.9.4}{\376\377\0003\000.\0009\000.\0004\000\040\000M\000e\000m\000b\000e\000r\000\040\000D\000a\000t\000a\000\040\000D\000o\000c\000u\000m\000e\000n\000t\000a\000t\000i\000o\000n}{section.3.9}% 125
\BOOKMARK [3][-]{subsubsection.3.9.4.1}{\376\377\0003\000.\0009\000.\0004\000.\0001\000\040\000c\000e\000n\000t\000e\000r}{subsection.3.9.4}% 126
\BOOKMARK [3][-]{subsubsection.3.9.4.2}{\376\377\0003\000.\0009\000.\0004\000.\0002\000\040\000m\000e\000r\000i\000d\000i\000a\000n\000s}{subsection.3.9.4}% 127
\BOOKMARK [3][-]{subsubsection.3.9.4.3}{\376\377\0003\000.\0009\000.\0004\000.\0003\000\040\000p\000a\000r\000a\000l\000l\000e\000l\000s}{subsection.3.9.4}% 128
\BOOKMARK [3][-]{subsubsection.3.9.4.4}{\376\377\0003\000.\0009\000.\0004\000.\0004\000\040\000r\000a\000d\000i\000u\000s}{subsection.3.9.4}% 129
\BOOKMARK [1][-]{section.3.10}{\376\377\0003\000.\0001\0000\000\040\000T\000r\000i\000a\000n\000g\000l\000e\0002\000d\000\040\000C\000l\000a\000s\000s\000\040\000R\000e\000f\000e\000r\000e\000n\000c\000e}{chapter.3}% 130
\BOOKMARK [2][-]{subsection.3.10.1}{\376\377\0003\000.\0001\0000\000.\0001\000\040\000D\000e\000t\000a\000i\000l\000e\000d\000\040\000D\000e\000s\000c\000r\000i\000p\000t\000i\000o\000n}{section.3.10}% 131
\BOOKMARK [2][-]{subsection.3.10.2}{\376\377\0003\000.\0001\0000\000.\0002\000\040\000C\000o\000n\000s\000t\000r\000u\000c\000t\000o\000r\000\040\000\046\000\040\000D\000e\000s\000t\000r\000u\000c\000t\000o\000r\000\040\000D\000o\000c\000u\000m\000e\000n\000t\000a\000t\000i\000o\000n}{section.3.10}% 132
\BOOKMARK [3][-]{subsubsection.3.10.2.1}{\376\377\0003\000.\0001\0000\000.\0002\000.\0001\000\040\000T\000r\000i\000a\000n\000g\000l\000e\0002\000d\000\050\000\051\000\040\000[\0001\000/\0002\000]}{subsection.3.10.2}% 133
\BOOKMARK [3][-]{subsubsection.3.10.2.2}{\376\377\0003\000.\0001\0000\000.\0002\000.\0002\000\040\000T\000r\000i\000a\000n\000g\000l\000e\0002\000d\000\050\000\051\000\040\000[\0002\000/\0002\000]}{subsection.3.10.2}% 134
\BOOKMARK [2][-]{subsection.3.10.3}{\376\377\0003\000.\0001\0000\000.\0003\000\040\000M\000e\000m\000b\000e\000r\000\040\000D\000a\000t\000a\000\040\000D\000o\000c\000u\000m\000e\000n\000t\000a\000t\000i\000o\000n}{section.3.10}% 135
\BOOKMARK [3][-]{subsubsection.3.10.3.1}{\376\377\0003\000.\0001\0000\000.\0003\000.\0001\000\040\000p\0001}{subsection.3.10.3}% 136
\BOOKMARK [3][-]{subsubsection.3.10.3.2}{\376\377\0003\000.\0001\0000\000.\0003\000.\0002\000\040\000p\0002}{subsection.3.10.3}% 137
\BOOKMARK [3][-]{subsubsection.3.10.3.3}{\376\377\0003\000.\0001\0000\000.\0003\000.\0003\000\040\000p\0003}{subsection.3.10.3}% 138
\BOOKMARK [1][-]{section.3.11}{\376\377\0003\000.\0001\0001\000\040\000T\000r\000i\000a\000n\000g\000l\000e\0003\000d\000\040\000C\000l\000a\000s\000s\000\040\000R\000e\000f\000e\000r\000e\000n\000c\000e}{chapter.3}% 139
\BOOKMARK [2][-]{subsection.3.11.1}{\376\377\0003\000.\0001\0001\000.\0001\000\040\000D\000e\000t\000a\000i\000l\000e\000d\000\040\000D\000e\000s\000c\000r\000i\000p\000t\000i\000o\000n}{section.3.11}% 140
\BOOKMARK [2][-]{subsection.3.11.2}{\376\377\0003\000.\0001\0001\000.\0002\000\040\000C\000o\000n\000s\000t\000r\000u\000c\000t\000o\000r\000\040\000\046\000\040\000D\000e\000s\000t\000r\000u\000c\000t\000o\000r\000\040\000D\000o\000c\000u\000m\000e\000n\000t\000a\000t\000i\000o\000n}{section.3.11}% 141
\BOOKMARK [3][-]{subsubsection.3.11.2.1}{\376\377\0003\000.\0001\0001\000.\0002\000.\0001\000\040\000T\000r\000i\000a\000n\000g\000l\000e\0003\000d\000\050\000\051\000\040\000[\0001\000/\0002\000]}{subsection.3.11.2}% 142
\BOOKMARK [3][-]{subsubsection.3.11.2.2}{\376\377\0003\000.\0001\0001\000.\0002\000.\0002\000\040\000T\000r\000i\000a\000n\000g\000l\000e\0003\000d\000\050\000\051\000\040\000[\0002\000/\0002\000]}{subsection.3.11.2}% 143
\BOOKMARK [2][-]{subsection.3.11.3}{\376\377\0003\000.\0001\0001\000.\0003\000\040\000M\000e\000m\000b\000e\000r\000\040\000F\000u\000n\000c\000t\000i\000o\000n\000\040\000D\000o\000c\000u\000m\000e\000n\000t\000a\000t\000i\000o\000n}{section.3.11}% 144
\BOOKMARK [3][-]{subsubsection.3.11.3.1}{\376\377\0003\000.\0001\0001\000.\0003\000.\0001\000\040\000c\000e\000n\000t\000e\000r\000\050\000\051}{subsection.3.11.3}% 145
\BOOKMARK [3][-]{subsubsection.3.11.3.2}{\376\377\0003\000.\0001\0001\000.\0003\000.\0002\000\040\000n\000o\000r\000m\000a\000l\000\050\000\051}{subsection.3.11.3}% 146
\BOOKMARK [2][-]{subsection.3.11.4}{\376\377\0003\000.\0001\0001\000.\0004\000\040\000M\000e\000m\000b\000e\000r\000\040\000D\000a\000t\000a\000\040\000D\000o\000c\000u\000m\000e\000n\000t\000a\000t\000i\000o\000n}{section.3.11}% 147
\BOOKMARK [3][-]{subsubsection.3.11.4.1}{\376\377\0003\000.\0001\0001\000.\0004\000.\0001\000\040\000p\0001}{subsection.3.11.4}% 148
\BOOKMARK [3][-]{subsubsection.3.11.4.2}{\376\377\0003\000.\0001\0001\000.\0004\000.\0002\000\040\000p\0002}{subsection.3.11.4}% 149
\BOOKMARK [3][-]{subsubsection.3.11.4.3}{\376\377\0003\000.\0001\0001\000.\0004\000.\0003\000\040\000p\0003}{subsection.3.11.4}% 150
\BOOKMARK [0][-]{chapter.4}{\376\377\0004\000\040\000F\000i\000l\000e\000\040\000D\000o\000c\000u\000m\000e\000n\000t\000a\000t\000i\000o\000n}{}% 151
\BOOKMARK [1][-]{section.4.1}{\376\377\0004\000.\0001\000\040\000G\000e\000o\000m\000e\000t\000r\000y\000.\000c\000p\000p\000\040\000F\000i\000l\000e\000\040\000R\000e\000f\000e\000r\000e\000n\000c\000e}{chapter.4}% 152
\BOOKMARK [2][-]{subsection.4.1.1}{\376\377\0004\000.\0001\000.\0001\000\040\000D\000e\000t\000a\000i\000l\000e\000d\000\040\000D\000e\000s\000c\000r\000i\000p\000t\000i\000o\000n}{section.4.1}% 153
\BOOKMARK [1][-]{section.4.2}{\376\377\0004\000.\0002\000\040\000G\000e\000o\000m\000e\000t\000r\000y\000.\000h\000p\000p\000\040\000F\000i\000l\000e\000\040\000R\000e\000f\000e\000r\000e\000n\000c\000e}{chapter.4}% 154
\BOOKMARK [2][-]{subsection.4.2.1}{\376\377\0004\000.\0002\000.\0001\000\040\000D\000e\000t\000a\000i\000l\000e\000d\000\040\000D\000e\000s\000c\000r\000i\000p\000t\000i\000o\000n}{section.4.2}% 155
\BOOKMARK [1][-]{section.4.3}{\376\377\0004\000.\0003\000\040\000G\000e\000o\000m\000e\000t\000r\000y\000.\000h\000p\000p}{chapter.4}% 156
\BOOKMARK [1][-]{section.4.4}{\376\377\0004\000.\0004\000\040\000m\000a\000i\000n\000.\000c\000p\000p\000\040\000F\000i\000l\000e\000\040\000R\000e\000f\000e\000r\000e\000n\000c\000e}{chapter.4}% 157
\BOOKMARK [2][-]{subsection.4.4.1}{\376\377\0004\000.\0004\000.\0001\000\040\000D\000e\000t\000a\000i\000l\000e\000d\000\040\000D\000e\000s\000c\000r\000i\000p\000t\000i\000o\000n}{section.4.4}% 158
\BOOKMARK [2][-]{subsection.4.4.2}{\376\377\0004\000.\0004\000.\0002\000\040\000F\000u\000n\000c\000t\000i\000o\000n\000\040\000D\000o\000c\000u\000m\000e\000n\000t\000a\000t\000i\000o\000n}{section.4.4}% 159
\BOOKMARK [3][-]{subsubsection.4.4.2.1}{\376\377\0004\000.\0004\000.\0002\000.\0001\000\040\000a\000d\000d\000C\000u\000b\000e\000\050\000\051}{subsection.4.4.2}% 160
\BOOKMARK [3][-]{subsubsection.4.4.2.2}{\376\377\0004\000.\0004\000.\0002\000.\0002\000\040\000a\000d\000d\000S\000p\000h\000e\000r\000e\000\050\000\051}{subsection.4.4.2}% 161
\BOOKMARK [3][-]{subsubsection.4.4.2.3}{\376\377\0004\000.\0004\000.\0002\000.\0003\000\040\000h\000a\000n\000d\000l\000e\000K\000e\000y\000b\000o\000a\000r\000d\000\050\000\051}{subsection.4.4.2}% 162
\BOOKMARK [3][-]{subsubsection.4.4.2.4}{\376\377\0004\000.\0004\000.\0002\000.\0004\000\040\000m\000a\000i\000n\000\050\000\051}{subsection.4.4.2}% 163
\BOOKMARK [3][-]{subsubsection.4.4.2.5}{\376\377\0004\000.\0004\000.\0002\000.\0005\000\040\000m\000a\000i\000n\000L\000o\000o\000p\000\050\000\051}{subsection.4.4.2}% 164
\BOOKMARK [2][-]{subsection.4.4.3}{\376\377\0004\000.\0004\000.\0003\000\040\000V\000a\000r\000i\000a\000b\000l\000e\000\040\000D\000o\000c\000u\000m\000e\000n\000t\000a\000t\000i\000o\000n}{section.4.4}% 165
\BOOKMARK [3][-]{subsubsection.4.4.3.1}{\376\377\0004\000.\0004\000.\0003\000.\0001\000\040\000C\000A\000M\000E\000R\000A\000\137\000S\000P\000E\000E\000D}{subsection.4.4.3}% 166
\BOOKMARK [3][-]{subsubsection.4.4.3.2}{\376\377\0004\000.\0004\000.\0003\000.\0002\000\040\000R\000O\000T\000A\000T\000I\000O\000N\000\137\000S\000P\000E\000E\000D}{subsection.4.4.3}% 167
\BOOKMARK [3][-]{subsubsection.4.4.3.3}{\376\377\0004\000.\0004\000.\0003\000.\0003\000\040\000W\000I\000N\000D\000O\000W\000\137\000H\000E\000I\000G\000H\000T}{subsection.4.4.3}% 168
\BOOKMARK [3][-]{subsubsection.4.4.3.4}{\376\377\0004\000.\0004\000.\0003\000.\0004\000\040\000W\000I\000N\000D\000O\000W\000\137\000W\000I\000D\000T\000H}{subsection.4.4.3}% 169
\BOOKMARK [1][-]{section.4.5}{\376\377\0004\000.\0005\000\040\000S\000c\000e\000n\000e\000.\000c\000p\000p\000\040\000F\000i\000l\000e\000\040\000R\000e\000f\000e\000r\000e\000n\000c\000e}{chapter.4}% 170
\BOOKMARK [2][-]{subsection.4.5.1}{\376\377\0004\000.\0005\000.\0001\000\040\000D\000e\000t\000a\000i\000l\000e\000d\000\040\000D\000e\000s\000c\000r\000i\000p\000t\000i\000o\000n}{section.4.5}% 171
\BOOKMARK [1][-]{section.4.6}{\376\377\0004\000.\0006\000\040\000S\000c\000e\000n\000e\000.\000h\000p\000p\000\040\000F\000i\000l\000e\000\040\000R\000e\000f\000e\000r\000e\000n\000c\000e}{chapter.4}% 172
\BOOKMARK [2][-]{subsection.4.6.1}{\376\377\0004\000.\0006\000.\0001\000\040\000D\000e\000t\000a\000i\000l\000e\000d\000\040\000D\000e\000s\000c\000r\000i\000p\000t\000i\000o\000n}{section.4.6}% 173
\BOOKMARK [1][-]{section.4.7}{\376\377\0004\000.\0007\000\040\000S\000c\000e\000n\000e\000.\000h\000p\000p}{chapter.4}% 174
\BOOKMARK [1][-]{section.4.8}{\376\377\0004\000.\0008\000\040\000S\000d\000l\000.\000c\000p\000p\000\040\000F\000i\000l\000e\000\040\000R\000e\000f\000e\000r\000e\000n\000c\000e}{chapter.4}% 175
\BOOKMARK [2][-]{subsection.4.8.1}{\376\377\0004\000.\0008\000.\0001\000\040\000D\000e\000t\000a\000i\000l\000e\000d\000\040\000D\000e\000s\000c\000r\000i\000p\000t\000i\000o\000n}{section.4.8}% 176
\BOOKMARK [1][-]{section.4.9}{\376\377\0004\000.\0009\000\040\000S\000d\000l\000.\000h\000p\000p\000\040\000F\000i\000l\000e\000\040\000R\000e\000f\000e\000r\000e\000n\000c\000e}{chapter.4}% 177
\BOOKMARK [2][-]{subsection.4.9.1}{\376\377\0004\000.\0009\000.\0001\000\040\000D\000e\000t\000a\000i\000l\000e\000d\000\040\000D\000e\000s\000c\000r\000i\000p\000t\000i\000o\000n}{section.4.9}% 178
\BOOKMARK [1][-]{section.4.10}{\376\377\0004\000.\0001\0000\000\040\000S\000d\000l\000.\000h\000p\000p}{chapter.4}% 179
\BOOKMARK [0][-]{section*.30}{\376\377\000I\000n\000d\000e\000x}{}% 180
